<?xml version="1.0" encoding="UTF-8"?>
<!-- Generated by org.testng.reporters.JUnitXMLReporter -->
<testsuite hostname="hydws72702" ignored="0" name="Default test" tests="4" failures="0" timestamp="06 Mar 2019 06:13:36 GMT" time="141.651" errors="0">
  <testcase name="regstration" time="18.542" classname="dataProvider.MyTests"/>
  <testcase name="regstration" time="15.794" classname="dataProvider.MyTests"/>
  <testcase name="regstration" time="17.637" classname="dataProvider.MyTests"/>
  <testcase name="regstration" time="18.533" classname="dataProvider.MyTests"/>
</testsuite> <!-- Default test -->
