<?xml version="1.0" encoding="UTF-8"?>
<testng-results skipped="0" failed="0" ignored="0" total="4" passed="4">
  <reporter-output>
  </reporter-output>
  <suite name="Default suite" duration-ms="141651" started-at="2019-03-06T06:11:14Z" finished-at="2019-03-06T06:13:36Z">
    <groups>
    </groups>
    <test name="Default test" duration-ms="141651" started-at="2019-03-06T06:11:14Z" finished-at="2019-03-06T06:13:36Z">
      <class name="dataProvider.MyTests">
        <test-method status="PASS" signature="setUp()[pri:0, instance:dataProvider.MyTests@598067a5]" name="setUp" is-config="true" duration-ms="19475" started-at="2019-03-06T06:11:15Z" finished-at="2019-03-06T06:11:34Z">
          <reporter-output>
          </reporter-output>
        </test-method> <!-- setUp -->
        <test-method status="PASS" signature="regstration(java.lang.String, java.lang.String, java.lang.String, java.lang.String)[pri:0, instance:dataProvider.MyTests@598067a5]" name="regstration" duration-ms="18542" started-at="2019-03-06T06:11:34Z" data-provider="passData" finished-at="2019-03-06T06:11:53Z">
          <params>
            <param index="0">
              <value>
                <![CDATA[ellen]]>
              </value>
            </param>
            <param index="1">
              <value>
                <![CDATA[disurd]]>
              </value>
            </param>
            <param index="2">
              <value>
                <![CDATA[newyork]]>
              </value>
            </param>
            <param index="3">
              <value>
                <![CDATA[ellen@gmail.com]]>
              </value>
            </param>
          </params>
          <reporter-output>
          </reporter-output>
        </test-method> <!-- regstration -->
        <test-method status="PASS" signature="quit()[pri:0, instance:dataProvider.MyTests@598067a5]" name="quit" is-config="true" duration-ms="0" started-at="2019-03-06T06:11:53Z" finished-at="2019-03-06T06:11:53Z">
          <reporter-output>
          </reporter-output>
        </test-method> <!-- quit -->
        <test-method status="PASS" signature="setUp()[pri:0, instance:dataProvider.MyTests@598067a5]" name="setUp" is-config="true" duration-ms="16990" started-at="2019-03-06T06:11:53Z" finished-at="2019-03-06T06:12:10Z">
          <reporter-output>
          </reporter-output>
        </test-method> <!-- setUp -->
        <test-method status="PASS" signature="regstration(java.lang.String, java.lang.String, java.lang.String, java.lang.String)[pri:0, instance:dataProvider.MyTests@598067a5]" name="regstration" duration-ms="15794" started-at="2019-03-06T06:12:10Z" data-provider="passData" finished-at="2019-03-06T06:12:26Z">
          <params>
            <param index="0">
              <value>
                <![CDATA[pat]]>
              </value>
            </param>
            <param index="1">
              <value>
                <![CDATA[rick]]>
              </value>
            </param>
            <param index="2">
              <value>
                <![CDATA[newyork]]>
              </value>
            </param>
            <param index="3">
              <value>
                <![CDATA[pat@gmail.com]]>
              </value>
            </param>
          </params>
          <reporter-output>
          </reporter-output>
        </test-method> <!-- regstration -->
        <test-method status="PASS" signature="quit()[pri:0, instance:dataProvider.MyTests@598067a5]" name="quit" is-config="true" duration-ms="1" started-at="2019-03-06T06:12:26Z" finished-at="2019-03-06T06:12:26Z">
          <reporter-output>
          </reporter-output>
        </test-method> <!-- quit -->
        <test-method status="PASS" signature="setUp()[pri:0, instance:dataProvider.MyTests@598067a5]" name="setUp" is-config="true" duration-ms="15449" started-at="2019-03-06T06:12:26Z" finished-at="2019-03-06T06:12:41Z">
          <reporter-output>
          </reporter-output>
        </test-method> <!-- setUp -->
        <test-method status="PASS" signature="regstration(java.lang.String, java.lang.String, java.lang.String, java.lang.String)[pri:0, instance:dataProvider.MyTests@598067a5]" name="regstration" duration-ms="17637" started-at="2019-03-06T06:12:41Z" data-provider="passData" finished-at="2019-03-06T06:12:59Z">
          <params>
            <param index="0">
              <value>
                <![CDATA[geremy]]>
              </value>
            </param>
            <param index="1">
              <value>
                <![CDATA[waters]]>
              </value>
            </param>
            <param index="2">
              <value>
                <![CDATA[newyork]]>
              </value>
            </param>
            <param index="3">
              <value>
                <![CDATA[waters@gmail.com]]>
              </value>
            </param>
          </params>
          <reporter-output>
          </reporter-output>
        </test-method> <!-- regstration -->
        <test-method status="PASS" signature="quit()[pri:0, instance:dataProvider.MyTests@598067a5]" name="quit" is-config="true" duration-ms="0" started-at="2019-03-06T06:12:59Z" finished-at="2019-03-06T06:12:59Z">
          <reporter-output>
          </reporter-output>
        </test-method> <!-- quit -->
        <test-method status="PASS" signature="setUp()[pri:0, instance:dataProvider.MyTests@598067a5]" name="setUp" is-config="true" duration-ms="18241" started-at="2019-03-06T06:12:59Z" finished-at="2019-03-06T06:13:17Z">
          <reporter-output>
          </reporter-output>
        </test-method> <!-- setUp -->
        <test-method status="PASS" signature="regstration(java.lang.String, java.lang.String, java.lang.String, java.lang.String)[pri:0, instance:dataProvider.MyTests@598067a5]" name="regstration" duration-ms="18533" started-at="2019-03-06T06:13:17Z" data-provider="passData" finished-at="2019-03-06T06:13:36Z">
          <params>
            <param index="0">
              <value>
                <![CDATA[samantha]]>
              </value>
            </param>
            <param index="1">
              <value>
                <![CDATA[rudlee]]>
              </value>
            </param>
            <param index="2">
              <value>
                <![CDATA[newyork]]>
              </value>
            </param>
            <param index="3">
              <value>
                <![CDATA[sam@gmail.com]]>
              </value>
            </param>
          </params>
          <reporter-output>
          </reporter-output>
        </test-method> <!-- regstration -->
        <test-method status="PASS" signature="quit()[pri:0, instance:dataProvider.MyTests@598067a5]" name="quit" is-config="true" duration-ms="0" started-at="2019-03-06T06:13:36Z" finished-at="2019-03-06T06:13:36Z">
          <reporter-output>
          </reporter-output>
        </test-method> <!-- quit -->
      </class> <!-- dataProvider.MyTests -->
    </test> <!-- Default test -->
  </suite> <!-- Default suite -->
</testng-results>
